#
# There is insufficient memory for the Java Runtime Environment to continue.
# Native memory allocation (malloc) failed to allocate 2214256 bytes for Chunk::new
# Possible reasons:
#   The system is out of physical RAM or swap space
#   The process is running with CompressedOops enabled, and the Java Heap may be blocking the growth of the native heap
# Possible solutions:
#   Reduce memory load on the system
#   Increase physical memory or swap space
#   Check if swap backing store is full
#   Decrease Java heap size (-Xmx/-Xms)
#   Decrease number of Java threads
#   Decrease Java thread stack sizes (-Xss)
#   Set larger code cache with -XX:ReservedCodeCacheSize=
#   JVM is running with Unscaled Compressed Oops mode in which the Java heap is
#     placed in the first 4GB address space. The Java Heap base address is the
#     maximum limit for the native heap growth. Please use -XX:HeapBaseMinAddress
#     to set the Java Heap base and to place the Java Heap above 4GB virtual address.
# This output file may be truncated or incomplete.
#
#  Out of Memory Error (allocation.cpp:389), pid=17176, tid=0x0000000000002dec
#
# JRE version: OpenJDK Runtime Environment (8.0_202-b03) (build 1.8.0_202-release-1483-b03)
# Java VM: OpenJDK 64-Bit Server VM (25.202-b03 mixed mode windows-amd64 compressed oops)
# Failed to write core dump. Minidumps are not enabled by default on client versions of Windows
#

---------------  T H R E A D  ---------------

Current thread (0x00000000163bd000):  JavaThread "C2 CompilerThread0" daemon [_thread_in_native, id=11756, stack(0x0000000017a40000,0x0000000017b40000)]

Stack: [0x0000000017a40000,0x0000000017b40000]
[error occurred during error reporting (printing stack bounds), id 0xc0000005]

Native frames: (J=compiled Java code, j=interpreted, Vv=VM code, C=native code)


Current CompileTask:
C2:  39095 4425       4       com.sun.beans.TypeResolver::resolve (37 bytes)


---------------  P R O C E S S  ---------------

Java Threads: ( => current thread )
  0x000000001ce64800 JavaThread "Cache worker for Build Output Cleanup Cache (C:\Users\Client\Documents\TDM TPS\TP4 Exo1\.gradle\buildOutputCleanup)" [_thread_blocked, id=7064, stack(0x00000000227a0000,0x00000000228a0000)]
  0x000000001ce6a800 JavaThread "Build operations Thread 4" [_thread_blocked, id=17776, stack(0x0000000020ca0000,0x0000000020da0000)]
  0x000000001ce69800 JavaThread "Build operations Thread 3" [_thread_blocked, id=15312, stack(0x0000000020ba0000,0x0000000020ca0000)]
  0x000000001ce69000 JavaThread "Build operations Thread 2" [_thread_blocked, id=16288, stack(0x0000000020aa0000,0x0000000020ba0000)]
  0x000000001ce68000 JavaThread "Build operations" [_thread_blocked, id=2696, stack(0x00000000209a0000,0x0000000020aa0000)]
  0x000000001ce66800 JavaThread "Cache worker for execution history cache (C:\Users\Client\.gradle\caches\5.4.1\executionHistory)" [_thread_blocked, id=15484, stack(0x0000000020220000,0x0000000020320000)]
  0x00000000193cd800 JavaThread "Cache worker for cache directory md-rule (C:\Users\Client\.gradle\caches\5.4.1\md-rule)" [_thread_blocked, id=17524, stack(0x000000001eab0000,0x000000001ebb0000)]
  0x00000000193cd000 JavaThread "Cache worker for cache directory md-supplier (C:\Users\Client\.gradle\caches\5.4.1\md-supplier)" [_thread_blocked, id=14204, stack(0x000000001e6e0000,0x000000001e7e0000)]
  0x00000000193ce800 JavaThread "Cache worker for file hash cache (C:\Users\Client\Documents\TDM TPS\TP4 Exo1\.gradle\5.4.1\fileHashes)" [_thread_blocked, id=6916, stack(0x000000001d360000,0x000000001d460000)]
  0x00000000193d0000 JavaThread "Cache worker for journal cache (C:\Users\Client\.gradle\caches\journal-1)" [_thread_blocked, id=7068, stack(0x000000001afc0000,0x000000001b0c0000)]
  0x00000000193cb800 JavaThread "File lock request listener" [_thread_in_native, id=7292, stack(0x000000001aec0000,0x000000001afc0000)]
  0x00000000193d0800 JavaThread "Cache worker for file hash cache (C:\Users\Client\.gradle\caches\5.4.1\fileHashes)" [_thread_blocked, id=3524, stack(0x000000001adc0000,0x000000001aec0000)]
  0x0000000018377000 JavaThread "Thread-9" [_thread_blocked, id=11716, stack(0x000000001acc0000,0x000000001adc0000)]
  0x0000000017f74800 JavaThread "Stdin handler" [_thread_blocked, id=5796, stack(0x000000001abc0000,0x000000001acc0000)]
  0x0000000017f73800 JavaThread "Asynchronous log dispatcher for DefaultDaemonConnection: socket connection from /127.0.0.1:60045 to /127.0.0.1:60046" [_thread_blocked, id=6544, stack(0x000000001aac0000,0x000000001abc0000)]
  0x0000000019699800 JavaThread "Daemon worker" [_thread_in_native, id=16316, stack(0x000000001a9c0000,0x000000001aac0000)]
  0x0000000019698800 JavaThread "Cancel handler" [_thread_blocked, id=7736, stack(0x000000001a8c0000,0x000000001a9c0000)]
  0x0000000017dec000 JavaThread "Handler for socket connection from /127.0.0.1:60045 to /127.0.0.1:60046" [_thread_in_native, id=8352, stack(0x000000001a5c0000,0x000000001a6c0000)]
  0x0000000017deb000 JavaThread "Daemon" [_thread_blocked, id=15848, stack(0x000000001a4c0000,0x000000001a5c0000)]
  0x0000000018792800 JavaThread "Daemon periodic checks" [_thread_blocked, id=10544, stack(0x000000001a3c0000,0x000000001a4c0000)]
  0x0000000018791000 JavaThread "Incoming local TCP Connector on port 60045" [_thread_in_native, id=10604, stack(0x000000001a150000,0x000000001a250000)]
  0x00000000195a6800 JavaThread "Daemon health stats" [_thread_blocked, id=17268, stack(0x0000000019b10000,0x0000000019c10000)]
  0x0000000016418800 JavaThread "Service Thread" daemon [_thread_blocked, id=18008, stack(0x0000000018140000,0x0000000018240000)]
  0x00000000163ca800 JavaThread "C1 CompilerThread2" daemon [_thread_blocked, id=15956, stack(0x0000000017c40000,0x0000000017d40000)]
  0x00000000163c4000 JavaThread "C2 CompilerThread1" daemon [_thread_in_native, id=16916, stack(0x0000000017b40000,0x0000000017c40000)]
=>0x00000000163bd000 JavaThread "C2 CompilerThread0" daemon [_thread_in_native, id=11756, stack(0x0000000017a40000,0x0000000017b40000)]
  0x00000000163ba800 JavaThread "Attach Listener" daemon [_thread_blocked, id=11480, stack(0x0000000017940000,0x0000000017a40000)]
  0x00000000163b9000 JavaThread "Signal Dispatcher" daemon [_thread_blocked, id=2952, stack(0x0000000017840000,0x0000000017940000)]
  0x000000000295b000 JavaThread "Finalizer" daemon [_thread_blocked, id=7596, stack(0x0000000017610000,0x0000000017710000)]
  0x00000000163a9000 JavaThread "Reference Handler" daemon [_thread_blocked, id=13404, stack(0x0000000017510000,0x0000000017610000)]
  0x000000000299e800 JavaThread "main" [_thread_blocked, id=17520, stack(0x0000000000f90000,0x0000000001090000)]

Other Threads:
  0x0000000016387800 VMThread [stack: 0x0000000017410000,0x0000000017510000] [id=8540]
  0x0000000017d70800 WatcherThread [stack: 0x0000000018240000,0x0000000018340000] [id=12500]

VM state:not at safepoint (normal execution)

VM Mutex/Monitor currently owned by a thread: None

heap address: 0x00000000a0000000, size: 1536 MB, Compressed Oops mode: 32-bit
Narrow klass base: 0x0000000000000000, Narrow klass shift: 3
Compressed class space size: 1073741824 Address: 0x0000000100000000

Heap:
 PSYoungGen      total 231424K, used 181899K [0x00000000e0000000, 0x00000000ef280000, 0x0000000100000000)
  eden space 216576K, 83% used [0x00000000e0000000,0x00000000eb1a2ec8,0x00000000ed380000)
  from space 14848K, 0% used [0x00000000ee400000,0x00000000ee400000,0x00000000ef280000)
  to   space 15872K, 0% used [0x00000000ed380000,0x00000000ed380000,0x00000000ee300000)
 ParOldGen       total 63488K, used 17445K [0x00000000a0000000, 0x00000000a3e00000, 0x00000000e0000000)
  object space 63488K, 27% used [0x00000000a0000000,0x00000000a11097f8,0x00000000a3e00000)
 Metaspace       used 49663K, capacity 51202K, committed 51368K, reserved 1093632K
  class space    used 6690K, capacity 7070K, committed 7080K, reserved 1048576K

Card table byte_map: [0x0000000011e10000,0x0000000012120000] byte_map_base: 0x0000000011910000

Marking Bits: (ParMarkBitMap*) 0x0000000053869f30
 Begin Bits: [0x0000000012720000, 0x0000000013f20000)
 End Bits:   [0x0000000013f20000, 0x0000000015720000)

Polling page: 0x0000000001090000

CodeCache: size=245760Kb used=14111Kb max_used=14111Kb free=231648Kb
 bounds [0x0000000002a50000, 0x0000000003830000, 0x0000000011a50000]
 total_blobs=4951 nmethods=4187 adapters=677
 compilation: enabled

Compilation events (10 events):
Event: 38.952 Thread 0x00000000163ca800 4578   !   3       org.gradle.internal.operations.DefaultBuildOperationExecutor::run (28 bytes)
Event: 38.953 Thread 0x00000000163ca800 nmethod 4578 0x0000000003821150 code [0x0000000003821340, 0x0000000003821bc8]
Event: 38.956 Thread 0x00000000163ca800 4579       3       org.gradle.api.specs.Specs::satisfyAll (10 bytes)
Event: 38.956 Thread 0x00000000163ca800 nmethod 4579 0x0000000003822110 code [0x0000000003822260, 0x00000000038223f0]
Event: 38.959 Thread 0x00000000163ca800 4580       3       java.util.LinkedList::toArray (39 bytes)
Event: 38.960 Thread 0x00000000163ca800 nmethod 4580 0x0000000003822490 code [0x0000000003822600, 0x00000000038229f0]
Event: 38.960 Thread 0x00000000163ca800 4581       3       org.gradle.api.internal.DefaultDomainObjectSet::<init> (21 bytes)
Event: 38.962 Thread 0x00000000163ca800 nmethod 4581 0x0000000003822b50 code [0x0000000003822da0, 0x0000000003823c68]
Event: 38.962 Thread 0x00000000163ca800 4582       1       org.gradle.api.internal.artifacts.configurations.DefaultConfiguration::access$2000 (5 bytes)
Event: 38.962 Thread 0x00000000163ca800 nmethod 4582 0x0000000003824910 code [0x0000000003824a60, 0x0000000003824b50]

GC Heap History (10 events):
Event: 9.406 GC heap before
{Heap before GC invocations=4 (full 0):
 PSYoungGen      total 70656K, used 58577K [0x00000000e0000000, 0x00000000e8a00000, 0x0000000100000000)
  eden space 65536K, 81% used [0x00000000e0000000,0x00000000e343c608,0x00000000e4000000)
  from space 5120K, 99% used [0x00000000e4000000,0x00000000e44f8020,0x00000000e4500000)
  to   space 5120K, 0% used [0x00000000e8500000,0x00000000e8500000,0x00000000e8a00000)
 ParOldGen       total 86016K, used 5249K [0x00000000a0000000, 0x00000000a5400000, 0x00000000e0000000)
  object space 86016K, 6% used [0x00000000a0000000,0x00000000a0520410,0x00000000a5400000)
 Metaspace       used 20668K, capacity 21168K, committed 21296K, reserved 1067008K
  class space    used 2968K, capacity 3127K, committed 3200K, reserved 1048576K
Event: 9.420 GC heap after
Heap after GC invocations=4 (full 0):
 PSYoungGen      total 136192K, used 5116K [0x00000000e0000000, 0x00000000e8a00000, 0x0000000100000000)
  eden space 131072K, 0% used [0x00000000e0000000,0x00000000e0000000,0x00000000e8000000)
  from space 5120K, 99% used [0x00000000e8500000,0x00000000e89ff0d8,0x00000000e8a00000)
  to   space 5120K, 0% used [0x00000000e8000000,0x00000000e8000000,0x00000000e8500000)
 ParOldGen       total 86016K, used 11626K [0x00000000a0000000, 0x00000000a5400000, 0x00000000e0000000)
  object space 86016K, 13% used [0x00000000a0000000,0x00000000a0b5a9e0,0x00000000a5400000)
 Metaspace       used 20668K, capacity 21168K, committed 21296K, reserved 1067008K
  class space    used 2968K, capacity 3127K, committed 3200K, reserved 1048576K
}
Event: 9.420 GC heap before
{Heap before GC invocations=5 (full 1):
 PSYoungGen      total 136192K, used 5116K [0x00000000e0000000, 0x00000000e8a00000, 0x0000000100000000)
  eden space 131072K, 0% used [0x00000000e0000000,0x00000000e0000000,0x00000000e8000000)
  from space 5120K, 99% used [0x00000000e8500000,0x00000000e89ff0d8,0x00000000e8a00000)
  to   space 5120K, 0% used [0x00000000e8000000,0x00000000e8000000,0x00000000e8500000)
 ParOldGen       total 86016K, used 11626K [0x00000000a0000000, 0x00000000a5400000, 0x00000000e0000000)
  object space 86016K, 13% used [0x00000000a0000000,0x00000000a0b5a9e0,0x00000000a5400000)
 Metaspace       used 20668K, capacity 21168K, committed 21296K, reserved 1067008K
  class space    used 2968K, capacity 3127K, committed 3200K, reserved 1048576K
Event: 9.487 GC heap after
Heap after GC invocations=5 (full 1):
 PSYoungGen      total 136192K, used 0K [0x00000000e0000000, 0x00000000e8a00000, 0x0000000100000000)
  eden space 131072K, 0% used [0x00000000e0000000,0x00000000e0000000,0x00000000e8000000)
  from space 5120K, 0% used [0x00000000e8500000,0x00000000e8500000,0x00000000e8a00000)
  to   space 5120K, 0% used [0x00000000e8000000,0x00000000e8000000,0x00000000e8500000)
 ParOldGen       total 63488K, used 11458K [0x00000000a0000000, 0x00000000a3e00000, 0x00000000e0000000)
  object space 63488K, 18% used [0x00000000a0000000,0x00000000a0b30b68,0x00000000a3e00000)
 Metaspace       used 20668K, capacity 21168K, committed 21296K, reserved 1067008K
  class space    used 2968K, capacity 3127K, committed 3200K, reserved 1048576K
}
Event: 12.866 GC heap before
{Heap before GC invocations=6 (full 1):
 PSYoungGen      total 136192K, used 131072K [0x00000000e0000000, 0x00000000e8a00000, 0x0000000100000000)
  eden space 131072K, 100% used [0x00000000e0000000,0x00000000e8000000,0x00000000e8000000)
  from space 5120K, 0% used [0x00000000e8500000,0x00000000e8500000,0x00000000e8a00000)
  to   space 5120K, 0% used [0x00000000e8000000,0x00000000e8000000,0x00000000e8500000)
 ParOldGen       total 63488K, used 11458K [0x00000000a0000000, 0x00000000a3e00000, 0x00000000e0000000)
  object space 63488K, 18% used [0x00000000a0000000,0x00000000a0b30b68,0x00000000a3e00000)
 Metaspace       used 32385K, capacity 33138K, committed 33408K, reserved 1077248K
  class space    used 4427K, capacity 4652K, committed 4736K, reserved 1048576K
Event: 12.898 GC heap after
Heap after GC invocations=6 (full 1):
 PSYoungGen      total 136192K, used 5120K [0x00000000e0000000, 0x00000000ef400000, 0x0000000100000000)
  eden space 131072K, 0% used [0x00000000e0000000,0x00000000e0000000,0x00000000e8000000)
  from space 5120K, 100% used [0x00000000e8000000,0x00000000e8500000,0x00000000e8500000)
  to   space 16384K, 0% used [0x00000000ee400000,0x00000000ee400000,0x00000000ef400000)
 ParOldGen       total 63488K, used 19734K [0x00000000a0000000, 0x00000000a3e00000, 0x00000000e0000000)
  object space 63488K, 31% used [0x00000000a0000000,0x00000000a1345878,0x00000000a3e00000)
 Metaspace       used 32385K, capacity 33138K, committed 33408K, reserved 1077248K
  class space    used 4427K, capacity 4652K, committed 4736K, reserved 1048576K
}
Event: 14.446 GC heap before
{Heap before GC invocations=7 (full 1):
 PSYoungGen      total 136192K, used 57227K [0x00000000e0000000, 0x00000000ef400000, 0x0000000100000000)
  eden space 131072K, 39% used [0x00000000e0000000,0x00000000e32e2e60,0x00000000e8000000)
  from space 5120K, 100% used [0x00000000e8000000,0x00000000e8500000,0x00000000e8500000)
  to   space 16384K, 0% used [0x00000000ee400000,0x00000000ee400000,0x00000000ef400000)
 ParOldGen       total 63488K, used 19734K [0x00000000a0000000, 0x00000000a3e00000, 0x00000000e0000000)
  object space 63488K, 31% used [0x00000000a0000000,0x00000000a1345878,0x00000000a3e00000)
 Metaspace       used 34628K, capacity 35382K, committed 35496K, reserved 1079296K
  class space    used 4785K, capacity 4993K, committed 5032K, reserved 1048576K
Event: 14.466 GC heap after
Heap after GC invocations=7 (full 1):
 PSYoungGen      total 231424K, used 9594K [0x00000000e0000000, 0x00000000ef280000, 0x0000000100000000)
  eden space 216576K, 0% used [0x00000000e0000000,0x00000000e0000000,0x00000000ed380000)
  from space 14848K, 64% used [0x00000000ee400000,0x00000000eed5ea78,0x00000000ef280000)
  to   space 15872K, 0% used [0x00000000ed380000,0x00000000ed380000,0x00000000ee300000)
 ParOldGen       total 63488K, used 19734K [0x00000000a0000000, 0x00000000a3e00000, 0x00000000e0000000)
  object space 63488K, 31% used [0x00000000a0000000,0x00000000a1345878,0x00000000a3e00000)
 Metaspace       used 34628K, capacity 35382K, committed 35496K, reserved 1079296K
  class space    used 4785K, capacity 4993K, committed 5032K, reserved 1048576K
}
Event: 14.466 GC heap before
{Heap before GC invocations=8 (full 2):
 PSYoungGen      total 231424K, used 9594K [0x00000000e0000000, 0x00000000ef280000, 0x0000000100000000)
  eden space 216576K, 0% used [0x00000000e0000000,0x00000000e0000000,0x00000000ed380000)
  from space 14848K, 64% used [0x00000000ee400000,0x00000000eed5ea78,0x00000000ef280000)
  to   space 15872K, 0% used [0x00000000ed380000,0x00000000ed380000,0x00000000ee300000)
 ParOldGen       total 63488K, used 19734K [0x00000000a0000000, 0x00000000a3e00000, 0x00000000e0000000)
  object space 63488K, 31% used [0x00000000a0000000,0x00000000a1345878,0x00000000a3e00000)
 Metaspace       used 34628K, capacity 35382K, committed 35496K, reserved 1079296K
  class space    used 4785K, capacity 4993K, committed 5032K, reserved 1048576K
Event: 14.589 GC heap after
Heap after GC invocations=8 (full 2):
 PSYoungGen      total 231424K, used 0K [0x00000000e0000000, 0x00000000ef280000, 0x0000000100000000)
  eden space 216576K, 0% used [0x00000000e0000000,0x00000000e0000000,0x00000000ed380000)
  from space 14848K, 0% used [0x00000000ee400000,0x00000000ee400000,0x00000000ef280000)
  to   space 15872K, 0% used [0x00000000ed380000,0x00000000ed380000,0x00000000ee300000)
 ParOldGen       total 63488K, used 17445K [0x00000000a0000000, 0x00000000a3e00000, 0x00000000e0000000)
  object space 63488K, 27% used [0x00000000a0000000,0x00000000a11097f8,0x00000000a3e00000)
 Metaspace       used 34628K, capacity 35382K, committed 35496K, reserved 1079296K
  class space    used 4785K, capacity 4993K, committed 5032K, reserved 1048576K
}

Deoptimization events (10 events):
Event: 37.035 Thread 0x0000000019699800 Uncommon trap: reason=unstable_if action=reinterpret pc=0x00000000036476c8 method=java.util.jar.JarFile.maybeInstantiateVerifier()V @ 4
Event: 37.036 Thread 0x0000000019699800 Uncommon trap: reason=unstable_if action=reinterpret pc=0x00000000034886fc method=java.security.CodeSource.matchCerts(Ljava/security/CodeSource;Z)Z @ 11
Event: 37.036 Thread 0x0000000019699800 Uncommon trap: reason=unstable_if action=reinterpret pc=0x0000000003607828 method=java.lang.ClassLoader.compareCerts([Ljava/security/cert/Certificate;[Ljava/security/cert/Certificate;)Z @ 1
Event: 37.066 Thread 0x0000000019699800 Uncommon trap: reason=unstable_if action=reinterpret pc=0x00000000034b0b00 method=java.util.LinkedHashMap.get(Ljava/lang/Object;)Ljava/lang/Object; @ 20
Event: 37.178 Thread 0x0000000019699800 Uncommon trap: reason=unstable_if action=reinterpret pc=0x0000000002b6dde8 method=org.objectweb.asm.ByteVector.putUTF8(Ljava/lang/String;)Lorg/objectweb/asm/ByteVector; @ 93
Event: 37.330 Thread 0x0000000019699800 Uncommon trap: reason=unstable_if action=reinterpret pc=0x00000000032809f0 method=org.objectweb.asm.ByteVector.putUTF8(Ljava/lang/String;)Lorg/objectweb/asm/ByteVector; @ 93
Event: 37.745 Thread 0x0000000019699800 Uncommon trap: reason=unstable_if action=reinterpret pc=0x000000000365123c method=org.gradle.internal.reflect.PropertyAccessorType.of(Ljava/lang/reflect/Method;)Lorg/gradle/internal/reflect/PropertyAccessorType; @ 56
Event: 37.961 Thread 0x0000000019699800 Uncommon trap: reason=unstable_if action=reinterpret pc=0x00000000030497e4 method=java.lang.String.lastIndexOf([CII[CIII)I @ 17
Event: 37.961 Thread 0x0000000019699800 Uncommon trap: reason=unstable_if action=reinterpret pc=0x000000000325d4fc method=sun.net.www.protocol.jar.Handler.parseURL(Ljava/net/URL;Ljava/lang/String;II)V @ 94
Event: 38.578 Thread 0x0000000019699800 Uncommon trap: reason=unstable_if action=reinterpret pc=0x0000000002c07c98 method=org.gradle.internal.instantiation.AbstractClassGenerator$InjectionAnnotationValidator.validateMethod(Ljava/lang/reflect/Method;Lorg/gradle/internal/reflect/PropertyAccessorT

Classes redefined (0 events):
No events

Internal exceptions (10 events):
Event: 38.409 Thread 0x0000000019699800 Exception <a 'java/lang/ClassNotFoundException': org/gradle/api/plugins/BasePluginConventionCustomizer> (0x00000000ea2d4d10) thrown at [D:\src\AOSP-openjdk-cygwin\jdk8u\hotspot\src\share\vm\classfile\systemDictionary.cpp, line 210]
Event: 38.412 Thread 0x0000000019699800 Exception <a 'java/lang/ClassNotFoundException': org/gradle/api/plugins/internal/DefaultBasePluginConventionCustomizer> (0x00000000ea339bc0) thrown at [D:\src\AOSP-openjdk-cygwin\jdk8u\hotspot\src\share\vm\classfile\systemDictionary.cpp, line 210]
Event: 38.417 Thread 0x0000000019699800 Exception <a 'java/lang/ClassNotFoundException': org/gradle/api/plugins/internal/DefaultJavaPluginConventionBeanInfo> (0x00000000ea3d6610) thrown at [D:\src\AOSP-openjdk-cygwin\jdk8u\hotspot\src\share\vm\classfile\systemDictionary.cpp, line 210]
Event: 38.419 Thread 0x0000000019699800 Exception <a 'java/lang/ClassNotFoundException': org/gradle/api/plugins/JavaPluginConventionBeanInfo> (0x00000000ea41afe0) thrown at [D:\src\AOSP-openjdk-cygwin\jdk8u\hotspot\src\share\vm\classfile\systemDictionary.cpp, line 210]
Event: 38.421 Thread 0x0000000019699800 Exception <a 'java/lang/ClassNotFoundException': org/gradle/api/plugins/JavaPluginConventionCustomizer> (0x00000000ea460ae0) thrown at [D:\src\AOSP-openjdk-cygwin\jdk8u\hotspot\src\share\vm\classfile\systemDictionary.cpp, line 210]
Event: 38.424 Thread 0x0000000019699800 Exception <a 'java/lang/ClassNotFoundException': org/gradle/api/plugins/internal/DefaultJavaPluginConventionCustomizer> (0x00000000ea4d19f8) thrown at [D:\src\AOSP-openjdk-cygwin\jdk8u\hotspot\src\share\vm\classfile\systemDictionary.cpp, line 210]
Event: 38.902 Thread 0x0000000019699800 Exception <a 'java/lang/NoSuchMethodError': java.lang.Object.lambda$comparing$77a9974f$1(Ljava/util/function/Function;Ljava/lang/Object;Ljava/lang/Object;)I> (0x00000000ead3ac38) thrown at [D:\src\AOSP-openjdk-cygwin\jdk8u\hotspot\src\share\vm\interpreter
Event: 38.904 Thread 0x0000000019699800 Exception <a 'java/lang/NoSuchMethodError': java.lang.Object.lambda$comparingInt$7b0bb60$1(Ljava/util/function/ToIntFunction;Ljava/lang/Object;Ljava/lang/Object;)I> (0x00000000ead45170) thrown at [D:\src\AOSP-openjdk-cygwin\jdk8u\hotspot\src\share\vm\inte
Event: 38.906 Thread 0x0000000019699800 Exception <a 'java/lang/NoSuchMethodError': java.lang.Object.lambda$thenComparing$36697e65$1(Ljava/util/Comparator;Ljava/lang/Object;Ljava/lang/Object;)I> (0x00000000ead4dcf8) thrown at [D:\src\AOSP-openjdk-cygwin\jdk8u\hotspot\src\share\vm\interpreter\li
Event: 38.908 Thread 0x0000000019699800 Exception <a 'java/lang/NoSuchMethodError': java.lang.Object.lambda$comparing$ea9a8b3a$1(Ljava/util/Comparator;Ljava/util/function/Function;Ljava/lang/Object;Ljava/lang/Object;)I> (0x00000000ead5b6e0) thrown at [D:\src\AOSP-openjdk-cygwin\jdk8u\hotspot\sr

Events (10 events):
Event: 38.985 loading class com/google/common/collect/ImmutableMap$IteratorBasedImmutableMap$1EntrySetImpl
Event: 38.986 loading class com/google/common/collect/ImmutableMap$IteratorBasedImmutableMap$1EntrySetImpl done
Event: 38.988 loading class com/android/builder/dexing/DexingType
Event: 38.988 loading class com/android/builder/dexing/DexingType done
Event: 38.990 loading class com/google/wireless/android/sdk/stats/ApiVersionOrBuilder
Event: 38.990 loading class com/google/wireless/android/sdk/stats/ApiVersionOrBuilder done
Event: 38.992 loading class com/google/wireless/android/sdk/stats/GradleBuildVariant$1
Event: 38.992 loading class com/google/wireless/android/sdk/stats/GradleBuildVariant$1 done
Event: 39.004 loading class com/google/wireless/android/sdk/stats/GradleBuildVariant$Builder
Event: 39.004 loading class com/google/wireless/android/sdk/stats/GradleBuildVariant$Builder done


Dynamic libraries:
0x00007ff798040000 - 0x00007ff798071000 	C:\Program Files\Android\Android Studio\jre\bin\java.exe
0x00007ffc078e0000 - 0x00007ffc07ad0000 	C:\WINDOWS\SYSTEM32\ntdll.dll
0x00007ffc077b0000 - 0x00007ffc07862000 	C:\WINDOWS\System32\KERNEL32.DLL
0x00007ffc05680000 - 0x00007ffc05923000 	C:\WINDOWS\System32\KERNELBASE.dll
0x00007ffc07700000 - 0x00007ffc077a3000 	C:\WINDOWS\System32\ADVAPI32.dll
0x00007ffc05cc0000 - 0x00007ffc05d5e000 	C:\WINDOWS\System32\msvcrt.dll
0x00007ffc074c0000 - 0x00007ffc07557000 	C:\WINDOWS\System32\sechost.dll
0x00007ffc05ae0000 - 0x00007ffc05c00000 	C:\WINDOWS\System32\RPCRT4.dll
0x00007ffc07560000 - 0x00007ffc076f4000 	C:\WINDOWS\System32\USER32.dll
0x00007ffc05290000 - 0x00007ffc052b1000 	C:\WINDOWS\System32\win32u.dll
0x00007ffc06ba0000 - 0x00007ffc06bc6000 	C:\WINDOWS\System32\GDI32.dll
0x00007ffc05070000 - 0x00007ffc05204000 	C:\WINDOWS\System32\gdi32full.dll
0x00007ffc05470000 - 0x00007ffc0550e000 	C:\WINDOWS\System32\msvcp_win.dll
0x00007ffc052c0000 - 0x00007ffc053ba000 	C:\WINDOWS\System32\ucrtbase.dll
0x00007ffbf1640000 - 0x00007ffbf18c5000 	C:\WINDOWS\WinSxS\amd64_microsoft.windows.common-controls_6595b64144ccf1df_6.0.18362.720_none_e6beb5c51314836b\COMCTL32.dll
0x00007ffc06c70000 - 0x00007ffc06fa6000 	C:\WINDOWS\System32\combase.dll
0x00007ffc05210000 - 0x00007ffc05290000 	C:\WINDOWS\System32\bcryptPrimitives.dll
0x00007ffc06bd0000 - 0x00007ffc06bfe000 	C:\WINDOWS\System32\IMM32.DLL
0x0000000053af0000 - 0x0000000053bc2000 	C:\Program Files\Android\Android Studio\jre\jre\bin\msvcr100.dll
0x00000000530a0000 - 0x00000000538e6000 	C:\Program Files\Android\Android Studio\jre\jre\bin\server\jvm.dll
0x00007ffc07090000 - 0x00007ffc07098000 	C:\WINDOWS\System32\PSAPI.DLL
0x00007ffc02360000 - 0x00007ffc02384000 	C:\WINDOWS\SYSTEM32\WINMM.dll
0x00007ffbf7690000 - 0x00007ffbf769a000 	C:\WINDOWS\SYSTEM32\VERSION.dll
0x00007ffbeb750000 - 0x00007ffbeb759000 	C:\WINDOWS\SYSTEM32\WSOCK32.dll
0x00007ffc06c00000 - 0x00007ffc06c6f000 	C:\WINDOWS\System32\WS2_32.dll
0x00007ffc02150000 - 0x00007ffc0217d000 	C:\WINDOWS\SYSTEM32\WINMMBASE.dll
0x00007ffc04840000 - 0x00007ffc0488a000 	C:\WINDOWS\System32\cfgmgr32.dll
0x00007ffbeb500000 - 0x00007ffbeb50f000 	C:\Program Files\Android\Android Studio\jre\jre\bin\verify.dll
0x00007ffbdcc10000 - 0x00007ffbdcc39000 	C:\Program Files\Android\Android Studio\jre\jre\bin\java.dll
0x00007ffbe3be0000 - 0x00007ffbe3bf6000 	C:\Program Files\Android\Android Studio\jre\jre\bin\zip.dll
0x00007ffc05e40000 - 0x00007ffc06525000 	C:\WINDOWS\System32\SHELL32.dll
0x00007ffc05a30000 - 0x00007ffc05ad9000 	C:\WINDOWS\System32\shcore.dll
0x00007ffc04890000 - 0x00007ffc05010000 	C:\WINDOWS\System32\windows.storage.dll
0x00007ffc04810000 - 0x00007ffc04833000 	C:\WINDOWS\System32\profapi.dll
0x00007ffc047a0000 - 0x00007ffc047ea000 	C:\WINDOWS\System32\powrprof.dll
0x00007ffc04770000 - 0x00007ffc04780000 	C:\WINDOWS\System32\UMPDC.dll
0x00007ffc06530000 - 0x00007ffc06582000 	C:\WINDOWS\System32\shlwapi.dll
0x00007ffc04780000 - 0x00007ffc04791000 	C:\WINDOWS\System32\kernel.appcore.dll
0x00007ffc05660000 - 0x00007ffc05677000 	C:\WINDOWS\System32\cryptsp.dll
0x00007ffc00470000 - 0x00007ffc0048a000 	C:\Program Files\Android\Android Studio\jre\jre\bin\net.dll
0x00007ffc03f90000 - 0x00007ffc03ff7000 	C:\WINDOWS\system32\mswsock.dll
0x00007ffc00450000 - 0x00007ffc00461000 	C:\Program Files\Android\Android Studio\jre\jre\bin\nio.dll
0x00007ffbe83a0000 - 0x00007ffbe83c6000 	C:\Users\Client\.gradle\native\29\windows-amd64\native-platform.dll
0x00007ffc00430000 - 0x00007ffc0043d000 	C:\Program Files\Android\Android Studio\jre\jre\bin\management.dll
0x00007ffc03ab0000 - 0x00007ffc03ae3000 	C:\WINDOWS\system32\rsaenh.dll
0x00007ffc05930000 - 0x00007ffc05956000 	C:\WINDOWS\System32\bcrypt.dll
0x00007ffc04690000 - 0x00007ffc046b5000 	C:\WINDOWS\SYSTEM32\USERENV.dll
0x00007ffc04110000 - 0x00007ffc0411c000 	C:\WINDOWS\SYSTEM32\CRYPTBASE.dll
0x00007ffc03c50000 - 0x00007ffc03c8a000 	C:\WINDOWS\SYSTEM32\IPHLPAPI.DLL
0x00007ffc05cb0000 - 0x00007ffc05cb8000 	C:\WINDOWS\System32\NSI.dll
0x00007ffbfed60000 - 0x00007ffbfed76000 	C:\WINDOWS\SYSTEM32\dhcpcsvc6.DLL
0x00007ffbfec30000 - 0x00007ffbfec4c000 	C:\WINDOWS\SYSTEM32\dhcpcsvc.DLL
0x00007ffc03c90000 - 0x00007ffc03d5a000 	C:\WINDOWS\SYSTEM32\DNSAPI.dll

VM Arguments:
jvm_args: -Xmx1536m -Dfile.encoding=windows-1252 -Duser.country=FR -Duser.language=fr -Duser.variant 
java_command: org.gradle.launcher.daemon.bootstrap.GradleDaemon 5.4.1
java_class_path (initial): C:\Users\Client\.gradle\wrapper\dists\gradle-5.4.1-all\3221gyojl5jsh0helicew7rwx\gradle-5.4.1\lib\gradle-launcher-5.4.1.jar
Launcher Type: SUN_STANDARD

Environment Variables:
JAVA_HOME=C:\Program Files\Java\jdk1.8.0_131
PATH=C:\Program Files\Java\jdk1.8.0_131\bin;C:\Users\Client\Downloads\Setup\sonar-scanner-4.2.0.1873-windows\bin;C:\Program Files (x86)\Common Files\Oracle\Java\javapath;C:\WINDOWS\system32;C:\WINDOWS;C:\WINDOWS\system32\Wbem;C:\WINDOWS\system32\WindowsPowerShell\v1.0\;C:\WINDOWS\system32\OpenSSH\;C:\Program Files\Java\jdk1.8.0_131\bin;C:\Program Files\Git\cmd;C:\Users\Client\Documents\Outils\TP5\gradle-6.0.1\bin;C:\Users\Client\Downloads\Setup\javacc-6.0\bin;C:\Program Files (x86)\Microsoft VS Code\bin;C:\Program Files\nodejs\;C:\Program Files\Docker\Docker\resources\bin;C:\ProgramData\DockerDesktop\version-bin;C:\WINDOWS\System32\Wbem;C:\WINDOWS\System32\WindowsPowerShell\v1.0\;C:\WINDOWS\System32\OpenSSH\;C:\Program Files (x86)\scala\bin;D:\spark-3.0.0-preview2-bin-hadoop2.7\bin;D:\apache-maven-3.3.9\bin;C:\Users\Client\AppData\Local\Microsoft\WindowsApps;C:\Program Files\Java\jdk1.8.0_131\bin;C:\Users\Client\Downloads\Setup\sonarqube-7.4\bin;C:\Users\Client\Documents\Outils\TP5\gradle-6.0.1\bin;C:\Users\Client\AppData\Roaming\npm;C:\Users\Client\Downloads\Setup\hadoop-3.1.0\bin;
USERNAME=Client
OS=Windows_NT
PROCESSOR_IDENTIFIER=Intel64 Family 6 Model 58 Stepping 9, GenuineIntel



---------------  S Y S T E M  ---------------

OS: Windows 10.0 , 64 bit Build 18362 (10.0.18362.329)

CPU:total 4 (initial active 4) (2 cores per cpu, 2 threads per core) family 6 model 58 stepping 9, cmov, cx8, fxsr, mmx, sse, sse2, sse3, ssse3, sse4.1, sse4.2, popcnt, avx, aes, clmul, erms, ht, tsc, tscinvbit, tscinv

Memory: 4k page, physical 8248880k(553316k free), swap 8773168k(6040k free)

vm_info: OpenJDK 64-Bit Server VM (25.202-b03) for windows-amd64 JRE (1.8.0_202-release-1483-b03), built by "builder" with MS VC++ 10.0 (VS2010)

time: Sat Apr 04 21:32:13 2020
timezone: Afr. centrale Ouest
elapsed time: 39 seconds (0d 0h 0m 39s)

